-------------------------------------------------------------------------------
Test set: TicTacToeTest
-------------------------------------------------------------------------------
Tests run: 1, Failures: 1, Errors: 0, Skipped: 0, Time elapsed: 0.043 s <<< FAILURE! - in TicTacToeTest
test  Time elapsed: 0.037 s  <<< FAILURE!
org.opentest4j.AssertionFailedError: Not yet implemented
	at TicTacToeTest.test(TicTacToeTest.java:14)

